('Dloss', -0.02601117417216301, 'MseLoss', (0.24249349236488343, 0.09469878748059272, 0.015294364467263222), ' epoch:', 0)
('Dloss', -0.027058111876249312, 'MseLoss', (0.11910812631249428, 0.05220630913972855, 0.01639812719076872), ' epoch:', 1)
('Dloss', -0.028258667141199113, 'MseLoss', (0.09316291436553001, 0.040146731212735175, 0.017521968670189382), ' epoch:', 2)
('Dloss', -0.029755682684481144, 'MseLoss', (0.08235536366701127, 0.03304116390645504, 0.018857771158218385), ' epoch:', 3)
('Dloss', -0.030012653581798075, 'MseLoss', (0.0746067300438881, 0.029376631230115892, 0.019171164743602274), ' epoch:', 4)
('Dloss', -0.03082554992288351, 'MseLoss', (0.07257506884634495, 0.026613079383969306, 0.019852396473288535), ' epoch:', 5)
('Dloss', -0.03101430498063564, 'MseLoss', (0.06928970143198968, 0.02550714761018753, 0.02008947990834713), ' epoch:', 6)
('Dloss', -0.03246748615056276, 'MseLoss', (0.06831351816654205, 0.024120281264185906, 0.021388398483395576), ' epoch:', 7)
('Dloss', -0.033080624602735045, 'MseLoss', (0.070262211561203, 0.023553347773849966, 0.021789300069212914), ' epoch:', 8)
('Dloss', -0.03436451777815819, 'MseLoss', (0.06667224764823913, 0.022355204448103905, 0.023151339776813985), ' epoch:', 9)
('Dloss', -0.03544156402349472, 'MseLoss', (0.06585404947400093, 0.022309180349111557, 0.0240342041477561), ' epoch:', 10)
('Dloss', -0.035659079998731615, 'MseLoss', (0.06471659280359746, 0.021642488799989222, 0.024236135743558408), ' epoch:', 11)
('Dloss', -0.036593889072537425, 'MseLoss', (0.06781414672732353, 0.02192013505846262, 0.025118647329509258), ' epoch:', 12)
('Dloss', -0.037588034942746165, 'MseLoss', (0.062436013296246526, 0.02111786101013422, 0.02617564182728529), ' epoch:', 13)
('Dloss', -0.03825079686939716, 'MseLoss', (0.060835905373096466, 0.02111169807612896, 0.026588565297424795), ' epoch:', 14)
('Dloss', -0.040044869482517245, 'MseLoss', (0.058880851790308955, 0.020112361758947372, 0.028389233537018298), ' epoch:', 15)
('Dloss', -0.04170707017183304, 'MseLoss', (0.05945203676819801, 0.020169917866587637, 0.029814283922314645), ' epoch:', 16)
('Dloss', -0.04180478937923908, 'MseLoss', (0.060539161786437035, 0.020000308379530908, 0.029987144656479357), ' epoch:', 17)
('Dloss', -0.04441479444503784, 'MseLoss', (0.06081432104110718, 0.019908093102276325, 0.03226844929158688), ' epoch:', 18)
('Dloss', -0.04458419717848301, 'MseLoss', (0.05959777906537056, 0.019754742085933686, 0.032436341792345044), ' epoch:', 19)
('Dloss', -0.046295571327209475, 'MseLoss', (0.05949456170201302, 0.01961955614387989, 0.03421403169631958), ' epoch:', 20)
('Dloss', -0.044610171020030974, 'MseLoss', (0.06167261227965355, 0.019792467728257178, 0.032251650281250474), ' epoch:', 21)
('Dloss', -0.04841059595346451, 'MseLoss', (0.061944170668721196, 0.019978797249495982, 0.036108685471117494), ' epoch:', 22)
('Dloss', -0.04952860102057457, 'MseLoss', (0.05601516738533974, 0.019544118270277976, 0.03696504086256027), ' epoch:', 23)
('Dloss', -0.04922766461968422, 'MseLoss', (0.055361369624733925, 0.01960873231291771, 0.036726408265531064), ' epoch:', 24)
('Dloss', -0.04818071536719799, 'MseLoss', (0.05391784943640232, 0.018984600715339185, 0.03552004974335432), ' epoch:', 25)
('Dloss', -0.04961756467819214, 'MseLoss', (0.055557156726717946, 0.01888536084443331, 0.03677919339388609), ' epoch:', 26)
('Dloss', -0.05128685347735882, 'MseLoss', (0.05517724268138409, 0.01855835486203432, 0.038492060452699664), ' epoch:', 27)
('Dloss', -0.05158048272132874, 'MseLoss', (0.05409167930483818, 0.01861997935920954, 0.03847573399543762), ' epoch:', 28)
('Dloss', -0.05135244503617287, 'MseLoss', (0.05641713961958885, 0.018563202954828738, 0.03814695253968239), ' epoch:', 29)
('Dloss', -0.05270211473107338, 'MseLoss', (0.05159460306167603, 0.018005858827382325, 0.039359836280345915), ' epoch:', 30)
('Dloss', -0.05409510023891926, 'MseLoss', (0.0521169513463974, 0.018106440268456935, 0.040633991733193396), ' epoch:', 31)
('Dloss', -0.05405914299190044, 'MseLoss', (0.05128027088940144, 0.017518718261271715, 0.040450355783104894), ' epoch:', 32)
('Dloss', -0.05294074602425099, 'MseLoss', (0.055930982157588, 0.01784462183713913, 0.0389036163687706), ' epoch:', 33)
('Dloss', -0.05496305525302887, 'MseLoss', (0.05561930984258652, 0.017391996458172798, 0.04076141119003296), ' epoch:', 34)
('Dloss', -0.05559038706123829, 'MseLoss', (0.051157042384147644, 0.017626522108912468, 0.04154641591012478), ' epoch:', 35)
('Dloss', -0.054173024371266365, 'MseLoss', (0.056941159442067145, 0.01763869319111109, 0.03990127332508564), ' epoch:', 36)
('Dloss', -0.05662798471748829, 'MseLoss', (0.05208213478326797, 0.017122015450149776, 0.041795190796256064), ' epoch:', 37)
('Dloss', -0.057600062713027, 'MseLoss', (0.05271488204598427, 0.017085205670446156, 0.042285510897636415), ' epoch:', 38)
('Dloss', -0.059249574318528175, 'MseLoss', (0.050820087641477586, 0.01696427781134844, 0.04396429546177387), ' epoch:', 39)
('Dloss', -0.05881446823477745, 'MseLoss', (0.04869787357747555, 0.016457820683717726, 0.04354692548513413), ' epoch:', 40)
('Dloss', -0.058176803216338155, 'MseLoss', (0.04795962274074554, 0.016321456991136074, 0.04260668866336346), ' epoch:', 41)
('Dloss', -0.05792696736752987, 'MseLoss', (0.04744713939726353, 0.016317722387611866, 0.04220905117690563), ' epoch:', 42)
('Dloss', -0.05824870951473713, 'MseLoss', (0.05401413179934025, 0.01657608402892947, 0.04220133200287819), ' epoch:', 43)
('Dloss', -0.05953194461762905, 'MseLoss', (0.0531031996011734, 0.0164991638623178, 0.04344196319580078), ' epoch:', 44)
('Dloss', -0.0599985521286726, 'MseLoss', (0.04578058309853077, 0.015782670676708223, 0.0437614668160677), ' epoch:', 45)
('Dloss', -0.060682880505919454, 'MseLoss', (0.04899780191481114, 0.015786531567573547, 0.0438434861600399), ' epoch:', 46)
('Dloss', -0.05982248894870281, 'MseLoss', (0.04822622947394848, 0.015716188121587038, 0.04303524754941464), ' epoch:', 47)
('Dloss', -0.058952358365058896, 'MseLoss', (0.04568750560283661, 0.015703630261123182, 0.041837392188608644), ' epoch:', 48)
('Dloss', -0.05992714874446392, 'MseLoss', (0.04604943580925465, 0.015422606281936169, 0.04258972816169262), ' epoch:', 49)
('Dloss', -0.06125181838870049, 'MseLoss', (0.04842688776552677, 0.015157822519540787, 0.04359472431242466), ' epoch:', 50)
('Dloss', -0.0611074011772871, 'MseLoss', (0.04841853976249695, 0.015546023659408093, 0.04308340586721897), ' epoch:', 51)
('Dloss', -0.06221887990832329, 'MseLoss', (0.04447900913655758, 0.015223659668117761, 0.04412384964525699), ' epoch:', 52)
('Dloss', -0.06183815076947212, 'MseLoss', (0.04436020888388157, 0.015307983104139566, 0.04337875545024872), ' epoch:', 53)
('Dloss', -0.06318854317069053, 'MseLoss', (0.04144920855760574, 0.015107000712305307, 0.04463208429515362), ' epoch:', 54)
('Dloss', -0.06304875500500202, 'MseLoss', (0.04260805882513523, 0.015223114006221294, 0.04438538737595081), ' epoch:', 55)
('Dloss', -0.06310588009655475, 'MseLoss', (0.043244651332497594, 0.014738116320222617, 0.0437936894595623), ' epoch:', 56)
('Dloss', -0.06417890563607216, 'MseLoss', (0.048671845346689224, 0.014501107484102249, 0.04504144787788391), ' epoch:', 57)
('Dloss', -0.06498305834829807, 'MseLoss', (0.04585988000035286, 0.014900889992713929, 0.04468328282237053), ' epoch:', 58)
('Dloss', -0.0651418048888445, 'MseLoss', (0.04447127357125282, 0.015144407376646995, 0.04477958232164383), ' epoch:', 59)
('Dloss', -0.06491685844957829, 'MseLoss', (0.04220580011606216, 0.014190083835273981, 0.0443218819797039), ' epoch:', 60)
('Dloss', -0.0657357394695282, 'MseLoss', (0.04709471017122269, 0.014626199845224619, 0.045282505080103876), ' epoch:', 61)
('Dloss', -0.06538407988846302, 'MseLoss', (0.04158356972038746, 0.014324876572936773, 0.044728849455714224), ' epoch:', 62)
('Dloss', -0.06540062800049781, 'MseLoss', (0.040884212404489514, 0.014365859795361757, 0.04389253221452236), ' epoch:', 63)
('Dloss', -0.06688480898737907, 'MseLoss', (0.040948051027953625, 0.014519339893013239, 0.04519998915493488), ' epoch:', 64)
('Dloss', -0.06694671362638474, 'MseLoss', (0.04256723746657372, 0.013881408609449863, 0.044705943763256074), ' epoch:', 65)
('Dloss', -0.06574780978262425, 'MseLoss', (0.05575288087129593, 0.014921447914093732, 0.04317212663590908), ' epoch:', 66)
('Dloss', -0.06739715300500393, 'MseLoss', (0.04888378418982029, 0.014334233850240708, 0.04472431130707264), ' epoch:', 67)
('Dloss', -0.06955800727009773, 'MseLoss', (0.040377821773290634, 0.013627405371516943, 0.046609876304864885), ' epoch:', 68)
('Dloss', -0.069053403288126, 'MseLoss', (0.03873251304030419, 0.013336567394435405, 0.04623381942510605), ' epoch:', 69)
('Dloss', -0.06947058886289596, 'MseLoss', (0.04713352285325527, 0.014187529869377612, 0.04609641842544079), ' epoch:', 70)
('Dloss', -0.06964484825730324, 'MseLoss', (0.052264271304011345, 0.014244098868221044, 0.04598646201193333), ' epoch:', 71)
('Dloss', -0.07026963159441948, 'MseLoss', (0.053643795847892764, 0.014346980303525925, 0.0462944969534874), ' epoch:', 72)
('Dloss', -0.07075865566730499, 'MseLoss', (0.05313731320202351, 0.013628051057457924, 0.04686108641326427), ' epoch:', 73)
('Dloss', -0.07172802537679672, 'MseLoss', (0.04557310678064823, 0.013605062570422887, 0.04754248522222042), ' epoch:', 74)
('Dloss', -0.07233263030648232, 'MseLoss', (0.04152606278657913, 0.01346272835507989, 0.04694347009062767), ' epoch:', 75)
('Dloss', -0.0722274512052536, 'MseLoss', (0.03820138871669769, 0.013236619997769594, 0.04700041599571705), ' epoch:', 76)
('Dloss', -0.07234237343072891, 'MseLoss', (0.0387055616825819, 0.012772867735475302, 0.046372584998607635), ' epoch:', 77)
('Dloss', -0.0731523722410202, 'MseLoss', (0.03788917511701584, 0.01272467914968729, 0.04759429767727852), ' epoch:', 78)
('Dloss', -0.07281755954027176, 'MseLoss', (0.04281315840780735, 0.013207258004695178, 0.0468046959489584), ' epoch:', 79)
('Dloss', -0.0734961062669754, 'MseLoss', (0.03864097222685814, 0.01296236040070653, 0.04658336341381073), ' epoch:', 80)
('Dloss', -0.07389872670173644, 'MseLoss', (0.039330577850341795, 0.013043056428432464, 0.047338186949491504), ' epoch:', 81)
('Dloss', -0.0736748956143856, 'MseLoss', (0.044483793899416924, 0.01337918834760785, 0.04663901999592781), ' epoch:', 82)
('Dloss', -0.07474622204899788, 'MseLoss', (0.04096241630613804, 0.012830730527639389, 0.04710160791873932), ' epoch:', 83)
('Dloss', -0.07371339946985245, 'MseLoss', (0.03592336513102055, 0.012605078052729368, 0.04613659009337425), ' epoch:', 84)
('Dloss', -0.07584523558616638, 'MseLoss', (0.034582199156284334, 0.011950411833822727, 0.047262273728847504), ' epoch:', 85)
('Dloss', -0.0742391213774681, 'MseLoss', (0.03533240929245949, 0.01244933446869254, 0.0457903616130352), ' epoch:', 86)
('Dloss', -0.07730873078107833, 'MseLoss', (0.04241611510515213, 0.012769690155982972, 0.0482739083468914), ' epoch:', 87)
('Dloss', -0.07700409814715385, 'MseLoss', (0.040673409774899486, 0.012626569718122482, 0.048035112023353574), ' epoch:', 88)
('Dloss', -0.07725322023034095, 'MseLoss', (0.03596959952265024, 0.01167664723470807, 0.047817816585302354), ' epoch:', 89)
('Dloss', -0.07790190353989601, 'MseLoss', (0.04047527201473713, 0.012573621980845929, 0.0477132435888052), ' epoch:', 90)
('Dloss', -0.07776611521840096, 'MseLoss', (0.034511983022093774, 0.011756317038089038, 0.04766191877424717), ' epoch:', 91)
('Dloss', -0.07877964302897453, 'MseLoss', (0.035158779844641684, 0.011764953844249249, 0.04808092974126339), ' epoch:', 92)
('Dloss', -0.07749628275632858, 'MseLoss', (0.035490730032324794, 0.011641933675855398, 0.04627394899725914), ' epoch:', 93)
('Dloss', -0.07903660386800766, 'MseLoss', (0.03373152185231447, 0.011469744518399239, 0.048096000030636785), ' epoch:', 94)
('Dloss', -0.0786954827606678, 'MseLoss', (0.03221949562430382, 0.011310870479792356, 0.04743573553860188), ' epoch:', 95)
('Dloss', -0.07983834221959114, 'MseLoss', (0.03512461688369513, 0.011399580352008342, 0.048113785311579706), ' epoch:', 96)
('Dloss', -0.08096866831183433, 'MseLoss', (0.03883778974413872, 0.011663495004177094, 0.048432013019919395), ' epoch:', 97)
('Dloss', -0.07770933881402016, 'MseLoss', (0.03423638977110386, 0.011183259822428227, 0.04529392421245575), ' epoch:', 98)
('Dloss', -0.08059338554739952, 'MseLoss', (0.032311958633363246, 0.011047089379280806, 0.047658490389585494), ' epoch:', 99)
('Dloss', -0.08040925040841103, 'MseLoss', (0.03537090700119734, 0.011657573841512203, 0.04728854931890965), ' epoch:', 100)
('Dloss', -0.08090728521347046, 'MseLoss', (0.03359593991190195, 0.011248947028070689, 0.047867894545197485), ' epoch:', 101)
('Dloss', -0.08034150674939156, 'MseLoss', (0.03412113543599844, 0.011576667334884405, 0.04683457873761654), ' epoch:', 102)
('Dloss', -0.08257108256220817, 'MseLoss', (0.03442714009433985, 0.011263875663280487, 0.04862485527992248), ' epoch:', 103)
('Dloss', -0.08123516216874123, 'MseLoss', (0.030265231803059577, 0.010751333925873041, 0.047355179116129874), ' epoch:', 104)
('Dloss', -0.08192357420921326, 'MseLoss', (0.03669057488441467, 0.01125115267932415, 0.04780234545469284), ' epoch:', 105)
('Dloss', -0.08157524168491363, 'MseLoss', (0.03885550275444984, 0.011738124117255212, 0.04722885265946388), ' epoch:', 106)
('Dloss', -0.08225472196936608, 'MseLoss', (0.03524455726146698, 0.011196019127964973, 0.047343097254633905), ' epoch:', 107)
('Dloss', -0.08432676047086715, 'MseLoss', (0.04236677698791027, 0.011935943085700274, 0.048847487568855284), ' epoch:', 108)
('Dloss', -0.08200365900993348, 'MseLoss', (0.043053900450468065, 0.012056008074432611, 0.0477204829454422), ' epoch:', 109)
('Dloss', -0.08338427096605301, 'MseLoss', (0.04326518997550011, 0.012079090904444456, 0.04743670113384724), ' epoch:', 110)
('Dloss', -0.08380470871925354, 'MseLoss', (0.04883524812757969, 0.013446650747209788, 0.0486971702426672), ' epoch:', 111)
('Dloss', -0.08376049697399139, 'MseLoss', (0.04381153546273708, 0.012225334905087948, 0.047921469807624816), ' epoch:', 112)
('Dloss', -0.0849940985441208, 'MseLoss', (0.037655439041554925, 0.011293358821421861, 0.048054638877511026), ' epoch:', 113)
('Dloss', -0.08529826998710632, 'MseLoss', (0.034871617518365386, 0.011434495449066162, 0.04854796640574932), ' epoch:', 114)
('Dloss', -0.08445038497447968, 'MseLoss', (0.030892426520586012, 0.010421729926019908, 0.04783414825797081), ' epoch:', 115)
('Dloss', -0.08489107117056846, 'MseLoss', (0.029654942639172076, 0.010639745555818082, 0.047585752233862876), ' epoch:', 116)
('Dloss', -0.08549585789442063, 'MseLoss', (0.029039187543094157, 0.010284268017858266, 0.04858309701085091), ' epoch:', 117)
('Dloss', -0.08536112233996392, 'MseLoss', (0.029788671433925627, 0.010340378247201442, 0.04778876006603241), ' epoch:', 118)
('Dloss', -0.08578865826129914, 'MseLoss', (0.037316130474209785, 0.01124776229262352, 0.047727464511990544), ' epoch:', 119)
('Dloss', -0.08573533371090888, 'MseLoss', (0.031344174034893514, 0.010461352206766606, 0.04820487573742867), ' epoch:', 120)
('Dloss', -0.08701101392507553, 'MseLoss', (0.02962594348937273, 0.009921618178486824, 0.04898474961519241), ' epoch:', 121)
('Dloss', -0.08408902436494828, 'MseLoss', (0.0338264899328351, 0.0104934005998075, 0.045948245003819464), ' epoch:', 122)
('Dloss', -0.08780831471085548, 'MseLoss', (0.03143786322325468, 0.010399747081100941, 0.04872718751430512), ' epoch:', 123)
('Dloss', -0.08733583465218545, 'MseLoss', (0.029242791049182416, 0.010431338474154473, 0.04830465018749237), ' epoch:', 124)
('Dloss', -0.08652192205190659, 'MseLoss', (0.027435825392603874, 0.009732950618490577, 0.04736286997795105), ' epoch:', 125)
('Dloss', -0.08792275488376618, 'MseLoss', (0.029234245233237744, 0.010031337942928075, 0.04896322153508663), ' epoch:', 126)
('Dloss', -0.08792566210031509, 'MseLoss', (0.028211242891848086, 0.009615002665668726, 0.04834048077464104), ' epoch:', 127)
('Dloss', -0.08849510103464127, 'MseLoss', (0.030263069644570352, 0.009853069297969341, 0.04874480552971363), ' epoch:', 128)
('Dloss', -0.08771457374095917, 'MseLoss', (0.026109788939356803, 0.00924688195809722, 0.04770825058221817), ' epoch:', 129)
('Dloss', -0.08730281069874764, 'MseLoss', (0.026129350811243058, 0.009670976549386978, 0.04737699776887894), ' epoch:', 130)
('Dloss', -0.08777161762118339, 'MseLoss', (0.0321674695238471, 0.010214946744963527, 0.04834713712334633), ' epoch:', 131)
('Dloss', -0.08858863040804862, 'MseLoss', (0.05088642593473196, 0.013657971937209367, 0.04852250441908836), ' epoch:', 132)
('Dloss', -0.08918731063604354, 'MseLoss', (0.0398681752383709, 0.011162140779197216, 0.04873883761465549), ' epoch:', 133)
('Dloss', -0.0876774862408638, 'MseLoss', (0.033717576041817666, 0.010445172805339098, 0.04731915257871151), ' epoch:', 134)
('Dloss', -0.08916016444563865, 'MseLoss', (0.03294910974800587, 0.0101268220692873, 0.04824655801057816), ' epoch:', 135)
('Dloss', -0.08927602246403694, 'MseLoss', (0.031871742010116576, 0.010073554888367652, 0.04837730526924133), ' epoch:', 136)
('Dloss', -0.08977809846401215, 'MseLoss', (0.030885429680347444, 0.010013902327045798, 0.049021702259778976), ' epoch:', 137)
('Dloss', -0.08925124406814575, 'MseLoss', (0.029216035827994348, 0.00977418851107359, 0.04782901257276535), ' epoch:', 138)
('Dloss', -0.09104228094220161, 'MseLoss', (0.031049946881830694, 0.010206084046512843, 0.04896933138370514), ' epoch:', 139)
('Dloss', -0.08938916698098183, 'MseLoss', (0.029303917847573756, 0.009829441178590059, 0.0478764969855547), ' epoch:', 140)
('Dloss', -0.09042431265115738, 'MseLoss', (0.03919941820204258, 0.011782462242990732, 0.048791729286313056), ' epoch:', 141)
('Dloss', -0.09086619466543197, 'MseLoss', (0.034481965750455854, 0.010400668438524007, 0.048862305283546445), ' epoch:', 142)
('Dloss', -0.0904990442097187, 'MseLoss', (0.03402546979486942, 0.010084775276482105, 0.04832333140075207), ' epoch:', 143)
('Dloss', -0.09078581035137176, 'MseLoss', (0.029148284532129764, 0.009711600979790092, 0.04835408702492714), ' epoch:', 144)
('Dloss', -0.08904384896159172, 'MseLoss', (0.026183970086276532, 0.009504184126853943, 0.04706118777394295), ' epoch:', 145)
('Dloss', -0.09118430837988853, 'MseLoss', (0.03040625210851431, 0.010157250799238682, 0.04875069335103035), ' epoch:', 146)
('Dloss', -0.09007805660367012, 'MseLoss', (0.028220598958432673, 0.009956841869279743, 0.04751991666853428), ' epoch:', 147)
('Dloss', -0.09100089520215988, 'MseLoss', (0.028018260188400746, 0.009494192712008954, 0.048397726565599444), ' epoch:', 148)
('Dloss', -0.09206346198916435, 'MseLoss', (0.030312276259064675, 0.009572016634047031, 0.04907109327614308), ' epoch:', 149)
('Dloss', -0.08986277729272843, 'MseLoss', (0.024793036468327045, 0.008933307323604821, 0.04682992957532406), ' epoch:', 150)
('Dloss', -0.09187109842896461, 'MseLoss', (0.02409754116088152, 0.008903795015066862, 0.048568353056907654), ' epoch:', 151)
('Dloss', -0.09074951782822609, 'MseLoss', (0.02377533968538046, 0.00857604956254363, 0.04778611771762371), ' epoch:', 152)
('Dloss', -0.09194528833031654, 'MseLoss', (0.029757798090577124, 0.009277225472033024, 0.04863456413149834), ' epoch:', 153)
('Dloss', -0.0907727062702179, 'MseLoss', (0.03043441865593195, 0.00942395320162177, 0.047122231870889666), ' epoch:', 154)
('Dloss', -0.09250583797693253, 'MseLoss', (0.029915380105376244, 0.009208012744784356, 0.048959613963961604), ' epoch:', 155)
('Dloss', -0.09246783629059792, 'MseLoss', (0.033796116895973685, 0.009789822017773986, 0.0488335520029068), ' epoch:', 156)
('Dloss', -0.09281298145651817, 'MseLoss', (0.030565513484179973, 0.009876592457294464, 0.04915499165654182), ' epoch:', 157)
('Dloss', -0.09281388446688651, 'MseLoss', (0.025989627465605736, 0.008673929562792181, 0.04897236227989197), ' epoch:', 158)
('Dloss', -0.09342239201068878, 'MseLoss', (0.023312864638864995, 0.008225255273282528, 0.048936018347740175), ' epoch:', 159)
('Dloss', -0.09276961088180542, 'MseLoss', (0.023496697284281255, 0.008469612849876285, 0.04880115799605846), ' epoch:', 160)
('Dloss', -0.09284832254052162, 'MseLoss', (0.022337423451244832, 0.00810496718622744, 0.048834646865725514), ' epoch:', 161)
('Dloss', -0.0929102823138237, 'MseLoss', (0.023473143205046655, 0.008740509673953057, 0.04856272861361503), ' epoch:', 162)
('Dloss', -0.09312730208039284, 'MseLoss', (0.03139027431607246, 0.009624971961602568, 0.04884939230978489), ' epoch:', 163)
('Dloss', -0.09252622649073601, 'MseLoss', (0.025633807107806206, 0.008801871817559004, 0.04790089689195156), ' epoch:', 164)
('Dloss', -0.09364303350448608, 'MseLoss', (0.031130897253751753, 0.00942941578105092, 0.04909287765622139), ' epoch:', 165)
('Dloss', -0.09366332590579987, 'MseLoss', (0.02838618941605091, 0.008751605544239283, 0.04913139268755913), ' epoch:', 166)
('Dloss', -0.0931749939918518, 'MseLoss', (0.026301311515271663, 0.00854967925697565, 0.048435143381357196), ' epoch:', 167)
('Dloss', -0.0937473215162754, 'MseLoss', (0.0224649416282773, 0.008431901270523668, 0.0488887757062912), ' epoch:', 168)
('Dloss', -0.09361658096313477, 'MseLoss', (0.024566037580370903, 0.00845984648913145, 0.04845165275037289), ' epoch:', 169)
('Dloss', -0.09349788129329681, 'MseLoss', (0.023580027930438518, 0.008071288373321295, 0.04847692735493183), ' epoch:', 170)
('Dloss', -0.09424905553460121, 'MseLoss', (0.023355394415557385, 0.008115353202447296, 0.04912447445094585), ' epoch:', 171)
('Dloss', -0.09362398833036423, 'MseLoss', (0.025319692119956015, 0.008662909222766756, 0.04840465076267719), ' epoch:', 172)
('Dloss', -0.09398963674902916, 'MseLoss', (0.027926101349294186, 0.0085888986941427, 0.048612293973565104), ' epoch:', 173)
('Dloss', -0.09468713626265526, 'MseLoss', (0.02217577416449785, 0.007892642356455325, 0.049353186041116714), ' epoch:', 174)
('Dloss', -0.09425100535154343, 'MseLoss', (0.021684020385146142, 0.00770029341802001, 0.048868768662214276), ' epoch:', 175)
('Dloss', -0.09417879432439805, 'MseLoss', (0.02855292074382305, 0.008940315153449774, 0.04875318929553032), ' epoch:', 176)
('Dloss', -0.09508136808872222, 'MseLoss', (0.02250884845852852, 0.00794850462116301, 0.04939416833221912), ' epoch:', 177)
('Dloss', -0.09451834782958031, 'MseLoss', (0.021954127959907054, 0.007870257878676058, 0.04870156571269035), ' epoch:', 178)
('Dloss', -0.09426909908652306, 'MseLoss', (0.02885886114090681, 0.008949593687430025, 0.048467060551047325), ' epoch:', 179)
('Dloss', -0.09449796304106713, 'MseLoss', (0.022826735116541385, 0.007880621217191219, 0.04895794466137886), ' epoch:', 180)
('Dloss', -0.0941147342324257, 'MseLoss', (0.028021658770740032, 0.008724081888794899, 0.048446676880121234), ' epoch:', 181)
('Dloss', -0.0950508214533329, 'MseLoss', (0.027845739759504794, 0.008649325044825674, 0.04916317984461784), ' epoch:', 182)
('Dloss', -0.09510696828365325, 'MseLoss', (0.02915512602776289, 0.008964769961312413, 0.04927689805626869), ' epoch:', 183)
('Dloss', -0.09539185166358947, 'MseLoss', (0.02499002143740654, 0.00831589726731181, 0.049353696405887604), ' epoch:', 184)
('Dloss', -0.09480990543961525, 'MseLoss', (0.02271139621734619, 0.007941668061539531, 0.048800773546099664), ' epoch:', 185)
('Dloss', -0.09365366846323013, 'MseLoss', (0.02001103051006794, 0.007477884087711573, 0.0475916963070631), ' epoch:', 186)
('Dloss', -0.09528248682618141, 'MseLoss', (0.020443329960107802, 0.007360166450962424, 0.049163457751274106), ' epoch:', 187)
('Dloss', -0.09557672142982483, 'MseLoss', (0.019563819002360105, 0.0075346906669437885, 0.04934958852827549), ' epoch:', 188)
('Dloss', -0.09601186886429787, 'MseLoss', (0.0205379793420434, 0.007559659099206329, 0.04945699758827686), ' epoch:', 189)
('Dloss', -0.09547967240214347, 'MseLoss', (0.02166414223611355, 0.007842341251671315, 0.04935403391718864), ' epoch:', 190)
('Dloss', -0.09510335102677345, 'MseLoss', (0.023272477462887763, 0.007457073079422116, 0.048618455231189725), ' epoch:', 191)
('Dloss', -0.09591863676905632, 'MseLoss', (0.02156595457345247, 0.007386343786492944, 0.04910121113061905), ' epoch:', 192)
('Dloss', -0.09529857188463212, 'MseLoss', (0.022551061771810054, 0.007551962090656161, 0.04892872497439384), ' epoch:', 193)
('Dloss', -0.09574095010757447, 'MseLoss', (0.01952457632869482, 0.007434435607865453, 0.049203448370099066), ' epoch:', 194)
('Dloss', -0.0959979847073555, 'MseLoss', (0.02016845177859068, 0.0076188476290553805, 0.04924926571547985), ' epoch:', 195)
('Dloss', -0.0953926496207714, 'MseLoss', (0.01979623381048441, 0.007305613998323679, 0.04857669770717621), ' epoch:', 196)
('Dloss', -0.09511587768793106, 'MseLoss', (0.019650031439960004, 0.0072643843479454516, 0.04830751195549965), ' epoch:', 197)
('Dloss', -0.0961382307112217, 'MseLoss', (0.02662243749946356, 0.008364399569109083, 0.0494057659059763), ' epoch:', 198)
('Dloss', -0.09633596763014793, 'MseLoss', (0.02634839490056038, 0.008307246025651693, 0.049142004922032356), ' epoch:', 199)
('Dloss', -0.09491592198610306, 'MseLoss', (0.02243970837444067, 0.0073176098987460135, 0.04800650291144848), ' epoch:', 200)
('Dloss', -0.09542698338627816, 'MseLoss', (0.027654549106955528, 0.008376434911042452, 0.04882820323109627), ' epoch:', 201)
('Dloss', -0.0959682397544384, 'MseLoss', (0.01866655070334673, 0.007025341736152768, 0.04902335703372955), ' epoch:', 202)
('Dloss', -0.09614570513367653, 'MseLoss', (0.02072400934994221, 0.007356075244024396, 0.04923072531819343), ' epoch:', 203)
('Dloss', -0.09585658833384514, 'MseLoss', (0.019784897845238448, 0.007130809919908642, 0.048927684873342515), ' epoch:', 204)
('Dloss', -0.0963716022670269, 'MseLoss', (0.019857064075767993, 0.0072759767062962055, 0.04939207769930363), ' epoch:', 205)
('Dloss', -0.09618650972843171, 'MseLoss', (0.0185133533552289, 0.006956175761297345, 0.04920756556093693), ' epoch:', 206)
('Dloss', -0.09554673880338668, 'MseLoss', (0.018483358062803747, 0.006797130964696407, 0.04862310700118542), ' epoch:', 207)
('Dloss', -0.0960100956261158, 'MseLoss', (0.020589677989482878, 0.007367030251771212, 0.04917193278670311), ' epoch:', 208)
('Dloss', -0.09598350301384925, 'MseLoss', (0.020201221574097872, 0.007026051776483655, 0.04904057234525681), ' epoch:', 209)
('Dloss', -0.09606521129608155, 'MseLoss', (0.02618006765842438, 0.007701921928673983, 0.04906691797077656), ' epoch:', 210)
('Dloss', -0.09558863937854767, 'MseLoss', (0.02646431718021631, 0.008512703096494078, 0.048299885168671605), ' epoch:', 211)
('Dloss', -0.09560558125376702, 'MseLoss', (0.023863756377249957, 0.007567567564547062, 0.04854715690016746), ' epoch:', 212)
('Dloss', -0.09578676819801331, 'MseLoss', (0.022717820294201375, 0.007564178155735135, 0.04859663993120193), ' epoch:', 213)
('Dloss', -0.09608660936355591, 'MseLoss', (0.021315276995301245, 0.007221627421677113, 0.0489582035690546), ' epoch:', 214)
('Dloss', -0.0966773048043251, 'MseLoss', (0.027365461550652982, 0.008647510129958392, 0.04943929761648178), ' epoch:', 215)
('Dloss', -0.09606817215681077, 'MseLoss', (0.018867260683327912, 0.008012044476345181, 0.04877488799393177), ' epoch:', 216)
('Dloss', -0.09554033651947975, 'MseLoss', (0.018249659426510335, 0.007729821559041739, 0.0483740646392107), ' epoch:', 217)
('Dloss', -0.09682042822241783, 'MseLoss', (0.018968848418444394, 0.007642706809565425, 0.049605310708284375), ' epoch:', 218)
('Dloss', -0.09566612765192986, 'MseLoss', (0.01705901129171252, 0.0067420341074466705, 0.04823369458317757), ' epoch:', 219)
('Dloss', -0.09729897379875183, 'MseLoss', (0.027367280051112174, 0.008424584334716202, 0.04970586560666561), ' epoch:', 220)
('Dloss', -0.09703443422913552, 'MseLoss', (0.027828690968453883, 0.008232045173645019, 0.04955445341765881), ' epoch:', 221)
('Dloss', -0.09633339121937752, 'MseLoss', (0.02515625413507223, 0.007379588577896357, 0.04876723885536194), ' epoch:', 222)
('Dloss', -0.09681440368294716, 'MseLoss', (0.02481351625174284, 0.007355198822915554, 0.04906727634370327), ' epoch:', 223)
('Dloss', -0.09685236364603042, 'MseLoss', (0.024244686402380467, 0.007605940569192171, 0.04952751062810421), ' epoch:', 224)
('Dloss', -0.09685239866375923, 'MseLoss', (0.025190052576363087, 0.00789601756259799, 0.049221527948975566), ' epoch:', 225)
('Dloss', -0.09667504951357841, 'MseLoss', (0.02502166051417589, 0.007769640535116196, 0.049159003794193266), ' epoch:', 226)
('Dloss', -0.09717600271105767, 'MseLoss', (0.019175259955227376, 0.006522553460672498, 0.049692510068416594), ' epoch:', 227)
('Dloss', -0.0954955279827118, 'MseLoss', (0.018321559950709342, 0.006546439835801721, 0.04791484288871288), ' epoch:', 228)
('Dloss', -0.09594677537679672, 'MseLoss', (0.01624916959553957, 0.006199532514438033, 0.04810064621269703), ' epoch:', 229)
('Dloss', -0.09631923735141754, 'MseLoss', (0.026555645372718574, 0.007736959122121334, 0.04844460785388947), ' epoch:', 230)
('Dloss', -0.09697128906846046, 'MseLoss', (0.0252250911667943, 0.007564539648592472, 0.04928719103336334), ' epoch:', 231)
('Dloss', -0.09509180933237076, 'MseLoss', (0.01868662815541029, 0.006518002972006798, 0.04770878218114376), ' epoch:', 232)
('Dloss', -0.09655883759260178, 'MseLoss', (0.01638030344620347, 0.006456083338707686, 0.04894084148108959), ' epoch:', 233)
('Dloss', -0.09694773405790329, 'MseLoss', (0.015095030516386032, 0.005887449253350496, 0.049261647090315816), ' epoch:', 234)
('Dloss', -0.09618054628372193, 'MseLoss', (0.016548130474984647, 0.006037178775295615, 0.04846533201634884), ' epoch:', 235)
('Dloss', -0.09579121619462967, 'MseLoss', (0.018403350841253996, 0.006569447927176952, 0.048132354766130446), ' epoch:', 236)
('Dloss', -0.09696918874979019, 'MseLoss', (0.023245568946003915, 0.007440784620121122, 0.04927541054785252), ' epoch:', 237)
('Dloss', -0.09731751307845116, 'MseLoss', (0.02488629911094904, 0.007218493334949017, 0.04957343824207783), ' epoch:', 238)
('Dloss', -0.09586712941527367, 'MseLoss', (0.016803605295717717, 0.0061142666731029745, 0.04812261052429676), ' epoch:', 239)
('Dloss', -0.09757808670401573, 'MseLoss', (0.016516462620347738, 0.0060897133313119415, 0.04967929646372795), ' epoch:', 240)
('Dloss', -0.09731698781251907, 'MseLoss', (0.01836815932765603, 0.00637317388318479, 0.049551650136709216), ' epoch:', 241)
('Dloss', -0.0971868097782135, 'MseLoss', (0.025251421332359313, 0.007531854650005698, 0.049265019968152045), ' epoch:', 242)
('Dloss', -0.0973393328487873, 'MseLoss', (0.016812540218234064, 0.005883235111832618, 0.04956998154520988), ' epoch:', 243)
('Dloss', -0.09700617119669915, 'MseLoss', (0.018662777636200188, 0.00622822348959744, 0.049216266721487045), ' epoch:', 244)
('Dloss', -0.0953280694782734, 'MseLoss', (0.018243575282394887, 0.00601539108902216, 0.047536466643214224), ' epoch:', 245)
('Dloss', -0.09741606488823891, 'MseLoss', (0.01820471938699484, 0.006526863947510719, 0.04965176023542881), ' epoch:', 246)
('Dloss', -0.09659037590026856, 'MseLoss', (0.015730616729706527, 0.0058994656428694725, 0.04848543480038643), ' epoch:', 247)
('Dloss', -0.09749841764569282, 'MseLoss', (0.01522069713100791, 0.005937058199197054, 0.049744297936558726), ' epoch:', 248)
('Dloss', -0.09636182263493538, 'MseLoss', (0.01681045601144433, 0.006083195749670267, 0.04834891743957996), ' epoch:', 249)
('Dloss', -0.09767112880945206, 'MseLoss', (0.01592102451249957, 0.005849682260304689, 0.04949292428791523), ' epoch:', 250)
('Dloss', -0.0970468521118164, 'MseLoss', (0.018861664924770594, 0.006146214716136455, 0.048873743042349815), ' epoch:', 251)
('Dloss', -0.09777273833751679, 'MseLoss', (0.022760563623160125, 0.007155635487288236, 0.04963948726654053), ' epoch:', 252)
('Dloss', -0.097641109675169, 'MseLoss', (0.01664081122726202, 0.0059823979623615745, 0.04954624138772488), ' epoch:', 253)
('Dloss', -0.09771047681570053, 'MseLoss', (0.018449033331125974, 0.006138816056773066, 0.04957077205181122), ' epoch:', 254)
('Dloss', -0.09766422286629677, 'MseLoss', (0.025965214241296053, 0.0076987505424767734, 0.04958159327507019), ' epoch:', 255)
('Dloss', -0.09802281558513641, 'MseLoss', (0.020374495536088943, 0.006501156138256192, 0.04970530942082405), ' epoch:', 256)
('Dloss', -0.09736186861991883, 'MseLoss', (0.028882873244583607, 0.008304710127413273, 0.04926544465124607), ' epoch:', 257)
('Dloss', -0.09766736403107643, 'MseLoss', (0.02211974039673805, 0.006831398047506809, 0.049441580474376676), ' epoch:', 258)
('Dloss', -0.09755910634994507, 'MseLoss', (0.015441317856311799, 0.005778065090999008, 0.04930155351758003), ' epoch:', 259)
('Dloss', -0.09748556241393089, 'MseLoss', (0.017295400518923996, 0.005877583101391792, 0.04919441938400269), ' epoch:', 260)
('Dloss', -0.0978524550795555, 'MseLoss', (0.024843832850456236, 0.007432709261775017, 0.049599990248680115), ' epoch:', 261)
('Dloss', -0.09605272859334946, 'MseLoss', (0.018789659906178712, 0.00639834888279438, 0.047894030809402466), ' epoch:', 262)
('Dloss', -0.09717937558889389, 'MseLoss', (0.021905644424259664, 0.007037262013182044, 0.0489985678344965), ' epoch:', 263)
('Dloss', -0.09758888855576515, 'MseLoss', (0.01773339482024312, 0.006288813939318061, 0.04937689527869225), ' epoch:', 264)
('Dloss', -0.09779529348015785, 'MseLoss', (0.015433262940496207, 0.006021402822807431, 0.049583200737833975), ' epoch:', 265)
('Dloss', -0.0967713676393032, 'MseLoss', (0.014694131817668677, 0.006093665258958936, 0.04859616681933403), ' epoch:', 266)
('Dloss', -0.0978031724691391, 'MseLoss', (0.017509883362799884, 0.005926397209987044, 0.04954026900231838), ' epoch:', 267)
('Dloss', -0.09734550714492798, 'MseLoss', (0.02400557305663824, 0.007282443391159177, 0.04909782223403454), ' epoch:', 268)
('Dloss', -0.0974445790052414, 'MseLoss', (0.021868021786212923, 0.006755407759919762, 0.049112369492650035), ' epoch:', 269)
('Dloss', -0.09683127850294113, 'MseLoss', (0.022782273590564728, 0.006972807692363858, 0.04862502962350845), ' epoch:', 270)
('Dloss', -0.09819736704230309, 'MseLoss', (0.01761759202927351, 0.0059546371921896935, 0.04968459978699684), ' epoch:', 271)
('Dloss', -0.0976654477417469, 'MseLoss', (0.020861179009079932, 0.006618556473404169, 0.04971148744225502), ' epoch:', 272)
('Dloss', -0.09785217493772506, 'MseLoss', (0.02398158311843872, 0.007310588471591472, 0.04945595264434814), ' epoch:', 273)
('Dloss', -0.09785691797733306, 'MseLoss', (0.02669318513944745, 0.007733935350552201, 0.04940070994198322), ' epoch:', 274)
('Dloss', -0.09757652655243873, 'MseLoss', (0.01810929486528039, 0.005946163414046168, 0.04930603019893169), ' epoch:', 275)
('Dloss', -0.09788964465260505, 'MseLoss', (0.014867996238172055, 0.005365538969635963, 0.04930684380233288), ' epoch:', 276)
('Dloss', -0.09796088635921478, 'MseLoss', (0.017048082035034894, 0.005996213247999549, 0.04959922842681408), ' epoch:', 277)
('Dloss', -0.09742604792118073, 'MseLoss', (0.015508481487631797, 0.005321885412558913, 0.04901097491383553), ' epoch:', 278)
('Dloss', -0.09830837175250054, 'MseLoss', (0.014494778402149678, 0.005408782185986638, 0.049781206995248795), ' epoch:', 279)
('Dloss', -0.09809990823268891, 'MseLoss', (0.015965297538787126, 0.005461071711033582, 0.04970910325646401), ' epoch:', 280)
('Dloss', -0.09743041172623634, 'MseLoss', (0.014345028158277272, 0.005275300238281488, 0.04891912415623665), ' epoch:', 281)
('Dloss', -0.09807349219918252, 'MseLoss', (0.015184658300131559, 0.005345349060371518, 0.04956536330282688), ' epoch:', 282)
('Dloss', -0.0980586901307106, 'MseLoss', (0.015120031870901584, 0.005315647181123495, 0.04945940673351288), ' epoch:', 283)
('Dloss', -0.0971665233373642, 'MseLoss', (0.016278636828064918, 0.005475370865315199, 0.04860233254730702), ' epoch:', 284)
('Dloss', -0.09797138571739197, 'MseLoss', (0.01458249008283019, 0.005402115592733026, 0.04952484220266342), ' epoch:', 285)
('Dloss', -0.09840426966547966, 'MseLoss', (0.015300862770527602, 0.005277947103604674, 0.049769243225455284), ' epoch:', 286)
('Dloss', -0.09753678590059281, 'MseLoss', (0.01802353886887431, 0.005767250107601285, 0.04905561618506908), ' epoch:', 287)
('Dloss', -0.09729303047060966, 'MseLoss', (0.026883457228541373, 0.007696771761402488, 0.048841146752238274), ' epoch:', 288)
('Dloss', -0.09767700731754303, 'MseLoss', (0.02031105346977711, 0.006966708134859801, 0.049154551699757576), ' epoch:', 289)
('Dloss', -0.09824693351984023, 'MseLoss', (0.020628308318555354, 0.006408592779189348, 0.04970498122274876), ' epoch:', 290)
('Dloss', -0.09707697778940201, 'MseLoss', (0.02099547181278467, 0.006350336922332644, 0.048639482259750365), ' epoch:', 291)
('Dloss', -0.09785504490137101, 'MseLoss', (0.02206882257014513, 0.006669248128309846, 0.04930862821638584), ' epoch:', 292)
('Dloss', -0.09816275313496589, 'MseLoss', (0.015023686084896326, 0.005525604449212551, 0.04962641634047031), ' epoch:', 293)
('Dloss', -0.09792682379484177, 'MseLoss', (0.017666507698595523, 0.005664294213056564, 0.04932248890399933), ' epoch:', 294)
('Dloss', -0.09821056127548218, 'MseLoss', (0.024648184422403574, 0.007217119494453072, 0.04960230700671673), ' epoch:', 295)
('Dloss', -0.09833318963646889, 'MseLoss', (0.021777923777699472, 0.006460972595959902, 0.04958707615733147), ' epoch:', 296)
('Dloss', -0.09773730039596558, 'MseLoss', (0.015631713811308144, 0.0056848840322345495, 0.049151743203401564), ' epoch:', 297)
('Dloss', -0.09855123460292817, 'MseLoss', (0.013659136183559895, 0.0049230177653953435, 0.0497712779790163), ' epoch:', 298)
('Dloss', -0.09821648076176644, 'MseLoss', (0.014371671620756388, 0.004998574731871486, 0.04949760027229786), ' epoch:', 299)
('Dloss', -0.09852175861597061, 'MseLoss', (0.018620687536895275, 0.0062995738815516235, 0.04981547892093659), ' epoch:', 300)
('Dloss', -0.09812880903482438, 'MseLoss', (0.023665524180978538, 0.006878464901819825, 0.049520240351557734), ' epoch:', 301)
('Dloss', -0.09799380674958229, 'MseLoss', (0.015258884616196155, 0.005208298889920115, 0.04921006038784981), ' epoch:', 302)
('Dloss', -0.09801937863230706, 'MseLoss', (0.01324406061321497, 0.005044004553928972, 0.04921099878847599), ' epoch:', 303)
('Dloss', -0.09812079593539239, 'MseLoss', (0.014344497583806515, 0.0050106743350625035, 0.049391933530569074), ' epoch:', 304)
('Dloss', -0.09784698858857155, 'MseLoss', (0.013254071213304996, 0.00496510264929384, 0.04906690828502178), ' epoch:', 305)
('Dloss', -0.09802915379405022, 'MseLoss', (0.012895449437201023, 0.004735380015335977, 0.049321537092328074), ' epoch:', 306)
('Dloss', -0.09827193915843964, 'MseLoss', (0.013133918028324842, 0.004805159661918879, 0.049615368619561194), ' epoch:', 307)
('Dloss', -0.0983317643404007, 'MseLoss', (0.013880445994436741, 0.004932875139638781, 0.049755122140049936), ' epoch:', 308)
('Dloss', -0.09845167025923729, 'MseLoss', (0.014803100563585758, 0.005142688332125544, 0.049760448187589644), ' epoch:', 309)
('Dloss', -0.09844153299927712, 'MseLoss', (0.013525698706507683, 0.0052061358001083136, 0.04950296021997928), ' epoch:', 310)
('Dloss', -0.09838381484150886, 'MseLoss', (0.014725325163453817, 0.005435229651629925, 0.04957633800804615), ' epoch:', 311)
('Dloss', -0.0978906936943531, 'MseLoss', (0.021868103835731744, 0.006530954409390688, 0.04915585741400719), ' epoch:', 312)
('Dloss', -0.09788664877414703, 'MseLoss', (0.022856073826551436, 0.006938937632367015, 0.04913210719823837), ' epoch:', 313)
('Dloss', -0.0978936344385147, 'MseLoss', (0.022034121863543987, 0.006643261667340994, 0.049096690863370894), ' epoch:', 314)
('Dloss', -0.09791060537099838, 'MseLoss', (0.01970841009169817, 0.006408217549324036, 0.04909806810319424), ' epoch:', 315)
('Dloss', -0.09851814582943916, 'MseLoss', (0.015710458252578975, 0.0052812205161899325, 0.049595703929662706), ' epoch:', 316)
('Dloss', -0.0982686698436737, 'MseLoss', (0.012750137969851494, 0.004740278236567974, 0.04955171532928944), ' epoch:', 317)
('Dloss', -0.09835971519351006, 'MseLoss', (0.020945532340556385, 0.00628148908726871, 0.04945693835616112), ' epoch:', 318)
('Dloss', -0.09804114252328873, 'MseLoss', (0.012729947082698345, 0.004704197961837053, 0.049260649085044864), ' epoch:', 319)
('Dloss', -0.09859353825449943, 'MseLoss', (0.012008080910891294, 0.004728832864202559, 0.04977298118174076), ' epoch:', 320)
('Dloss', -0.09827388748526573, 'MseLoss', (0.012336690537631511, 0.004591270792298019, 0.04938543252646923), ' epoch:', 321)
('Dloss', -0.09873749911785126, 'MseLoss', (0.012725212518125773, 0.0046244337223470214, 0.049810031056404115), ' epoch:', 322)
('Dloss', -0.09871411472558975, 'MseLoss', (0.012830124609172345, 0.004776034504175186, 0.04969832561910152), ' epoch:', 323)
('Dloss', -0.09824176654219627, 'MseLoss', (0.017831146717071533, 0.005673222849145532, 0.049404630437493324), ' epoch:', 324)
('Dloss', -0.09842252433300018, 'MseLoss', (0.024221963714808226, 0.007089289790019393, 0.04959224574267864), ' epoch:', 325)
('Dloss', -0.09807002618908882, 'MseLoss', (0.02188756363466382, 0.0063996199052780865, 0.0492870893329382), ' epoch:', 326)
('Dloss', -0.09848671033978462, 'MseLoss', (0.019615397043526172, 0.0063196958508342505, 0.0497442502528429), ' epoch:', 327)
('Dloss', -0.09872578531503677, 'MseLoss', (0.01480012722313404, 0.006361765740439296, 0.049691024050116536), ' epoch:', 328)
('Dloss', -0.09855114743113517, 'MseLoss', (0.01209662239998579, 0.005144753819331526, 0.049653072655200955), ' epoch:', 329)
('Dloss', -0.09838258922100067, 'MseLoss', (0.012489154748618603, 0.0046164109371602535, 0.049397153034806254), ' epoch:', 330)
('Dloss', -0.09790674299001693, 'MseLoss', (0.014011058211326598, 0.004887516796588898, 0.04894623123109341), ' epoch:', 331)
('Dloss', -0.09866890385746956, 'MseLoss', (0.011862788628786803, 0.005252370797097683, 0.04975030310451985), ' epoch:', 332)
('Dloss', -0.09867968335747719, 'MseLoss', (0.011856490280479193, 0.0049158819951117035, 0.0497320156544447), ' epoch:', 333)
('Dloss', -0.09862585440278053, 'MseLoss', (0.01231221081689, 0.004716680897399783, 0.049695756286382675), ' epoch:', 334)
('Dloss', -0.09827843233942986, 'MseLoss', (0.014816420618444681, 0.004933518799953162, 0.04923461303114891), ' epoch:', 335)
('Dloss', -0.09839612990617752, 'MseLoss', (0.014276084583252668, 0.0048350613098591564, 0.0493567556142807), ' epoch:', 336)
('Dloss', -0.0986674815416336, 'MseLoss', (0.020642457529902458, 0.006177196302451194, 0.04968709200620651), ' epoch:', 337)
('Dloss', -0.09846904426813126, 'MseLoss', (0.018508111126720905, 0.005804157117381692, 0.04956830069422722), ' epoch:', 338)
('Dloss', -0.09830609858036041, 'MseLoss', (0.018411305081099272, 0.005595361581072211, 0.049175533652305606), ' epoch:', 339)
('Dloss', -0.09892483353614807, 'MseLoss', (0.015435789991170169, 0.005324771208688617, 0.04976300820708275), ' epoch:', 340)
('Dloss', -0.0988620400428772, 'MseLoss', (0.01428119083866477, 0.004717425187118351, 0.04982008598744869), ' epoch:', 341)
('Dloss', -0.09889757707715034, 'MseLoss', (0.01815580017864704, 0.005609859060496092, 0.049770016223192215), ' epoch:', 342)
('Dloss', -0.09863048046827316, 'MseLoss', (0.015146094840019941, 0.005445377645082771, 0.04970235787332058), ' epoch:', 343)
('Dloss', -0.09817217662930489, 'MseLoss', (0.013048087246716022, 0.005184608558192849, 0.049286683276295665), ' epoch:', 344)
('Dloss', -0.09841895252466201, 'MseLoss', (0.016348959412425756, 0.005053330818191171, 0.04939733408391476), ' epoch:', 345)
('Dloss', -0.09882616326212883, 'MseLoss', (0.01637829262763262, 0.006234609638340771, 0.04962824359536171), ' epoch:', 346)
('Dloss', -0.0986667476594448, 'MseLoss', (0.011873767711222172, 0.004897926584817469, 0.04963913895189762), ' epoch:', 347)
('Dloss', -0.09867334216833115, 'MseLoss', (0.015185220818966626, 0.005113348574377596, 0.04961386248469353), ' epoch:', 348)
('Dloss', -0.09821041077375411, 'MseLoss', (0.01949910940602422, 0.005978651018813253, 0.04906942881643772), ' epoch:', 349)
('Dloss', -0.09890253618359565, 'MseLoss', (0.01832208698615432, 0.005567408399656415, 0.04978064112365246), ' epoch:', 350)
('Dloss', -0.09877636358141899, 'MseLoss', (0.020640794187784195, 0.006099682440981269, 0.04976379573345184), ' epoch:', 351)
('Dloss', -0.09859045296907425, 'MseLoss', (0.013958915695548057, 0.005051851808093488, 0.049510779604315755), ' epoch:', 352)
('Dloss', -0.0986623615026474, 'MseLoss', (0.01184319071471691, 0.004384945542551577, 0.0494397409260273), ' epoch:', 353)
('Dloss', -0.0988424427807331, 'MseLoss', (0.01144588440656662, 0.004189783497713507, 0.04974423907697201), ' epoch:', 354)
('Dloss', -0.09811258763074875, 'MseLoss', (0.011469466518610716, 0.004680610238574445, 0.04907438270747662), ' epoch:', 355)
('Dloss', -0.09836722686886787, 'MseLoss', (0.010390619654208422, 0.004251295025460422, 0.04929028525948524), ' epoch:', 356)
('Dloss', -0.09874800592660904, 'MseLoss', (0.01024367711506784, 0.00397424902766943, 0.04979570209980011), ' epoch:', 357)
('Dloss', -0.09864601492881775, 'MseLoss', (0.01277682720683515, 0.0045329302083700895, 0.04961017481982708), ' epoch:', 358)
('Dloss', -0.09890265315771103, 'MseLoss', (0.011019192729145288, 0.004023399017751217, 0.049809007719159124), ' epoch:', 359)
('Dloss', -0.0987678587436676, 'MseLoss', (0.01128726676106453, 0.004438552190549672, 0.04958023391664028), ' epoch:', 360)
('Dloss', -0.09811247810721398, 'MseLoss', (0.011399186123162508, 0.004095013672485948, 0.04897944889962673), ' epoch:', 361)
('Dloss', -0.09798830822110176, 'MseLoss', (0.01789420675486326, 0.005462337471544743, 0.04889739267528057), ' epoch:', 362)
('Dloss', -0.09887162297964096, 'MseLoss', (0.01957666715607047, 0.00609990581870079, 0.04983655735850334), ' epoch:', 363)
('Dloss', -0.09862208291888237, 'MseLoss', (0.018475928995758294, 0.005554706417024135, 0.04947277717292309), ' epoch:', 364)
('Dloss', -0.0989963561296463, 'MseLoss', (0.019296193867921828, 0.005895002884790302, 0.049813476577401164), ' epoch:', 365)
('Dloss', -0.09844209551811219, 'MseLoss', (0.01861845627427101, 0.00584715586155653, 0.049379220604896544), ' epoch:', 366)
('Dloss', -0.09758533611893654, 'MseLoss', (0.011410495266318321, 0.004405800555832684, 0.04860630817711353), ' epoch:', 367)
('Dloss', -0.09902963861823082, 'MseLoss', (0.010319894459098578, 0.004081736062653362, 0.049881648272275925), ' epoch:', 368)
('Dloss', -0.09890604242682458, 'MseLoss', (0.012436708156019449, 0.004361555189825594, 0.04986560009419918), ' epoch:', 369)
('Dloss', -0.09875254482030868, 'MseLoss', (0.01349734477698803, 0.004829759523272514, 0.04969225935637951), ' epoch:', 370)
('Dloss', -0.09892179518938064, 'MseLoss', (0.01151112150400877, 0.004154812241904437, 0.04966833218932152), ' epoch:', 371)
('Dloss', -0.09857208952307701, 'MseLoss', (0.012912570219486951, 0.004277376434765756, 0.04950507245957851), ' epoch:', 372)
('Dloss', -0.09898240864276886, 'MseLoss', (0.013289325032383203, 0.004915597522631288, 0.0498395062983036), ' epoch:', 373)
('Dloss', -0.09862147644162178, 'MseLoss', (0.012182102911174298, 0.004327076231129467, 0.049547146633267404), ' epoch:', 374)
('Dloss', -0.09868648648262024, 'MseLoss', (0.011154784262180329, 0.004174061887897551, 0.049486974254250526), ' epoch:', 375)
('Dloss', -0.09867525622248649, 'MseLoss', (0.012367246113717556, 0.004531385959126055, 0.04939232654869556), ' epoch:', 376)
('Dloss', -0.09897696897387505, 'MseLoss', (0.010331269074231385, 0.003727999026887119, 0.049804219603538515), ' epoch:', 377)
('Dloss', -0.09906462877988816, 'MseLoss', (0.01676390366628766, 0.005323827639222145, 0.04976420029997826), ' epoch:', 378)
('Dloss', -0.09822727590799332, 'MseLoss', (0.016960243787616493, 0.005435184040106833, 0.04894760139286518), ' epoch:', 379)
('Dloss', -0.09907865971326828, 'MseLoss', (0.019274826068431138, 0.005722102662548423, 0.049857231229543685), ' epoch:', 380)
('Dloss', -0.09901194721460342, 'MseLoss', (0.012570822052657605, 0.004158555646426976, 0.04978599324822426), ' epoch:', 381)
('Dloss', -0.09890753999352456, 'MseLoss', (0.014050286449491977, 0.004597235471010208, 0.049784852936863896), ' epoch:', 382)
('Dloss', -0.09898038432002068, 'MseLoss', (0.017017825879156588, 0.0051853415556252, 0.04975269697606564), ' epoch:', 383)
('Dloss', -0.09900927767157555, 'MseLoss', (0.0104973828420043, 0.003949157614260912, 0.04978485554456711), ' epoch:', 384)
('Dloss', -0.09836061373353004, 'MseLoss', (0.013246088940650224, 0.004395878594368696, 0.049180013686418535), ' epoch:', 385)
('Dloss', -0.09896166697144508, 'MseLoss', (0.01759289801120758, 0.005645565339364111, 0.04958701953291893), ' epoch:', 386)
('Dloss', -0.09901222959160805, 'MseLoss', (0.019001096580177547, 0.005794737697578966, 0.04979711137712002), ' epoch:', 387)
('Dloss', -0.09894147887825966, 'MseLoss', (0.01514809811487794, 0.004838691651821136, 0.04965884499251842), ' epoch:', 388)
('Dloss', -0.09861763343214988, 'MseLoss', (0.012114738486707211, 0.004024500446394086, 0.049359836429357526), ' epoch:', 389)
('Dloss', -0.09880352169275283, 'MseLoss', (0.010350709781050682, 0.0037695070262998343, 0.04938482195138931), ' epoch:', 390)
('Dloss', -0.09849859550595283, 'MseLoss', (0.011131795682013034, 0.004068046621978283, 0.04915584288537502), ' epoch:', 391)
('Dloss', -0.09877505302429199, 'MseLoss', (0.018466947320848703, 0.005723408400081098, 0.049613500386476515), ' epoch:', 392)
('Dloss', -0.09800835698843002, 'MseLoss', (0.014647593442350625, 0.004630198748782277, 0.048693624511361125), ' epoch:', 393)
('Dloss', -0.09892434999346733, 'MseLoss', (0.01890886165201664, 0.005686239525675774, 0.04971294514834881), ' epoch:', 394)
('Dloss', -0.09865940734744072, 'MseLoss', (0.015103830490261316, 0.004988962272182107, 0.04941588044166565), ' epoch:', 395)
('Dloss', -0.09892544895410538, 'MseLoss', (0.013125750329345464, 0.004266603547148406, 0.0497455794364214), ' epoch:', 396)
('Dloss', -0.09831879511475564, 'MseLoss', (0.01738904193043709, 0.005356181156821549, 0.04917096830904484), ' epoch:', 397)
('Dloss', -0.09917342662811279, 'MseLoss', (0.01505116792395711, 0.004871027730405331, 0.04988692961633205), ' epoch:', 398)
('Dloss', -0.09885722175240516, 'MseLoss', (0.016821935866028072, 0.005245070508681238, 0.04963687025010586), ' epoch:', 399)
('Dloss', -0.09870235100388527, 'MseLoss', (0.016298102866858243, 0.004921354353427887, 0.04948129467666149), ' epoch:', 400)
('Dloss', -0.09889981001615525, 'MseLoss', (0.013145118579268455, 0.004322252003476024, 0.04971654042601585), ' epoch:', 401)
('Dloss', -0.09883653670549393, 'MseLoss', (0.016158145014196636, 0.005111807491630316, 0.049739673361182214), ' epoch:', 402)
('Dloss', -0.09903096407651901, 'MseLoss', (0.015814091823995114, 0.0052791733760386705, 0.04974495656788349), ' epoch:', 403)
('Dloss', -0.09898995012044906, 'MseLoss', (0.017657403368502855, 0.005336814606562257, 0.049770909175276754), ' epoch:', 404)
('Dloss', -0.09897631928324699, 'MseLoss', (0.012134768767282367, 0.004460983071476221, 0.04974963217973709), ' epoch:', 405)
('Dloss', -0.09878134578466416, 'MseLoss', (0.012146143522113562, 0.0044076463906094435, 0.049357271566987035), ' epoch:', 406)
('Dloss', -0.09913959056138992, 'MseLoss', (0.011610588151961565, 0.004030573950149119, 0.04980429969727993), ' epoch:', 407)
('Dloss', -0.09904108867049218, 'MseLoss', (0.00961787668056786, 0.0035616984590888024, 0.04970954582095146), ' epoch:', 408)
('Dloss', -0.09835150614380836, 'MseLoss', (0.010917865904048085, 0.00369911368470639, 0.048945017531514166), ' epoch:', 409)
('Dloss', -0.09897497370839119, 'MseLoss', (0.00983171067200601, 0.003882186417467892, 0.04962804056704044), ' epoch:', 410)
('Dloss', -0.09912170320749283, 'MseLoss', (0.008801085455343128, 0.003371174866333604, 0.04986068420112133), ' epoch:', 411)
('Dloss', -0.09812714606523514, 'MseLoss', (0.010147090256214141, 0.003853875724598765, 0.04880574382841587), ' epoch:', 412)
('Dloss', -0.09791782200336456, 'MseLoss', (0.01169132450595498, 0.003882204624824226, 0.04888522140681743), ' epoch:', 413)
('Dloss', -0.0988625392317772, 'MseLoss', (0.010764703107997774, 0.0038705071667209266, 0.049549350142478944), ' epoch:', 414)
('Dloss', -0.09895155131816864, 'MseLoss', (0.012269193213433028, 0.004016388836316764, 0.049555790796875956), ' epoch:', 415)
('Dloss', -0.09897510781884193, 'MseLoss', (0.016534445993602275, 0.005722786695696413, 0.04973728954792023), ' epoch:', 416)
('Dloss', -0.0989464707672596, 'MseLoss', (0.010687056183815002, 0.004324782290495932, 0.04970924332737923), ' epoch:', 417)
('Dloss', -0.09924138411879539, 'MseLoss', (0.010462583694607019, 0.004219742678105831, 0.04987686201930046), ' epoch:', 418)
('Dloss', -0.0990040123462677, 'MseLoss', (0.009242858830839395, 0.0034271118231117724, 0.04973557032644749), ' epoch:', 419)
('Dloss', -0.09899461343884468, 'MseLoss', (0.010553463269025088, 0.0036407987121492625, 0.04972058460116387), ' epoch:', 420)
('Dloss', -0.09799057543277741, 'MseLoss', (0.011445337999612093, 0.003645042423158884, 0.048656849563121794), ' epoch:', 421)
('Dloss', -0.09885277599096298, 'MseLoss', (0.011807396076619625, 0.004307496268302203, 0.04955527111887932), ' epoch:', 422)
('Dloss', -0.0989151991903782, 'MseLoss', (0.016509066242724656, 0.0049797069048509, 0.04973234236240387), ' epoch:', 423)
('Dloss', -0.09877024292945862, 'MseLoss', (0.017644084617495538, 0.0053740474861115215, 0.04950731955468655), ' epoch:', 424)
('Dloss', -0.0989777460694313, 'MseLoss', (0.01639294857159257, 0.005065980134531856, 0.04970040135085583), ' epoch:', 425)
('Dloss', -0.09895870238542556, 'MseLoss', (0.019094531796872614, 0.005799249350093305, 0.04969561360776424), ' epoch:', 426)
('Dloss', -0.09884700253605842, 'MseLoss', (0.015006703417748212, 0.004852823168039322, 0.04952244348824024), ' epoch:', 427)
('Dloss', -0.09922559037804604, 'MseLoss', (0.01713666170835495, 0.004875032650306821, 0.04973816573619842), ' epoch:', 428)
('Dloss', -0.09928638711571694, 'MseLoss', (0.016394569724798202, 0.0050545681966468695, 0.049916043505072595), ' epoch:', 429)
('Dloss', -0.09872399717569351, 'MseLoss', (0.015600167028605939, 0.005032251169905066, 0.0493712093681097), ' epoch:', 430)
('Dloss', -0.0990951307117939, 'MseLoss', (0.010782787017524243, 0.003656499506905675, 0.04976457208395004), ' epoch:', 431)
('Dloss', -0.09770014137029648, 'MseLoss', (0.010347927734255791, 0.003727866266854107, 0.04855531938374043), ' epoch:', 432)
('Dloss', -0.09901013374328613, 'MseLoss', (0.009219603892415763, 0.0036398654570803045, 0.04977374486625195), ' epoch:', 433)
('Dloss', -0.09923201724886895, 'MseLoss', (0.010565370274707674, 0.0036968916887417437, 0.04985992684960365), ' epoch:', 434)
('Dloss', -0.09917583614587784, 'MseLoss', (0.010452845832332969, 0.0041221678256988525, 0.04977471493184567), ' epoch:', 435)
('Dloss', -0.09920204952359199, 'MseLoss', (0.016323945485055447, 0.00545867953915149, 0.04976448565721512), ' epoch:', 436)
('Dloss', -0.09914827570319176, 'MseLoss', (0.014660154189914464, 0.004587250482290983, 0.0497214924544096), ' epoch:', 437)
('Dloss', -0.09942058250308036, 'MseLoss', (0.01616640454158187, 0.005056516639888287, 0.049868224933743474), ' epoch:', 438)
('Dloss', -0.0991385668516159, 'MseLoss', (0.015009998995810746, 0.00436871990095824, 0.049778296425938603), ' epoch:', 439)
('Dloss', -0.09900239184498787, 'MseLoss', (0.01607530117034912, 0.004865676956251263, 0.04962294995784759), ' epoch:', 440)
('Dloss', -0.09920176565647125, 'MseLoss', (0.012151583889499306, 0.00411538474727422, 0.04972187392413616), ' epoch:', 441)
('Dloss', -0.09938502386212349, 'MseLoss', (0.010394459590315819, 0.003912896919064224, 0.04992742836475372), ' epoch:', 442)
('Dloss', -0.0993388183414936, 'MseLoss', (0.008237703144550324, 0.0032822824781760574, 0.049856380000710486), ' epoch:', 443)
('Dloss', -0.09935925379395485, 'MseLoss', (0.008629452344030142, 0.0033457803539931772, 0.04984203837811947), ' epoch:', 444)
('Dloss', -0.09921389445662498, 'MseLoss', (0.00836210222914815, 0.0030765239614993336, 0.049847880750894545), ' epoch:', 445)
('Dloss', -0.09939939677715301, 'MseLoss', (0.009874662989750505, 0.003502845554612577, 0.04988111481070519), ' epoch:', 446)
('Dloss', -0.09932111129164696, 'MseLoss', (0.009477682365104555, 0.003535440331324935, 0.04984870329499245), ' epoch:', 447)
('Dloss', -0.09927199557423591, 'MseLoss', (0.00826691249385476, 0.0034000944113358857, 0.04988973513245583), ' epoch:', 448)
('Dloss', -0.09937955662608147, 'MseLoss', (0.010065989335998893, 0.0034996493021026255, 0.049903439730405806), ' epoch:', 449)
('Dloss', -0.09903613701462746, 'MseLoss', (0.011391697078943252, 0.0036495522130280734, 0.04959447979927063), ' epoch:', 450)
('Dloss', -0.0987594559788704, 'MseLoss', (0.01019078870303929, 0.0034673161106184127, 0.0492381751537323), ' epoch:', 451)
('Dloss', -0.09933855757117271, 'MseLoss', (0.008457216992974281, 0.003320595761761069, 0.04993507005274296), ' epoch:', 452)
('Dloss', -0.09927913919091225, 'MseLoss', (0.008435069676488638, 0.003512935643084347, 0.04987052194774151), ' epoch:', 453)
('Dloss', -0.09894257709383965, 'MseLoss', (0.00804184484295547, 0.003516084305010736, 0.0494113590568304), ' epoch:', 454)
('Dloss', -0.09835794568061829, 'MseLoss', (0.010275882529094815, 0.0036988135892897845, 0.04882965013384819), ' epoch:', 455)
('Dloss', -0.09915898442268371, 'MseLoss', (0.01605680538341403, 0.004779962566681206, 0.04969854354858398), ' epoch:', 456)
('Dloss', -0.0993747815489769, 'MseLoss', (0.016469011548906565, 0.00489321774803102, 0.04989055655896664), ' epoch:', 457)
('Dloss', -0.09919592291116715, 'MseLoss', (0.016110466420650484, 0.004670506156980991, 0.04977734945714474), ' epoch:', 458)
('Dloss', -0.09896934926509857, 'MseLoss', (0.010707127582281827, 0.0037448343355208635, 0.04952532574534416), ' epoch:', 459)
('Dloss', -0.0992366261780262, 'MseLoss', (0.01640238957479596, 0.004905848344787955, 0.04970826655626297), ' epoch:', 460)
('Dloss', -0.09949851557612419, 'MseLoss', (0.01453454690054059, 0.004828955652192235, 0.049944207444787024), ' epoch:', 461)
('Dloss', -0.09933472946286201, 'MseLoss', (0.015484545566141605, 0.004842408746480942, 0.049771980941295625), ' epoch:', 462)
('Dloss', -0.09933561459183693, 'MseLoss', (0.012605498172342777, 0.003784596989862621, 0.04987252838909626), ' epoch:', 463)
('Dloss', -0.09908961951732635, 'MseLoss', (0.01122777392156422, 0.004032280878163874, 0.04957265071570873), ' epoch:', 464)
('Dloss', -0.09940575882792473, 'MseLoss', (0.00864205528050661, 0.003315151738934219, 0.049859436601400374), ' epoch:', 465)
('Dloss', -0.09912064000964164, 'MseLoss', (0.010118342796340584, 0.003769474849104881, 0.049635826423764226), ' epoch:', 466)
('Dloss', -0.09935754463076592, 'MseLoss', (0.01564521323889494, 0.004949648911133408, 0.049868717044591906), ' epoch:', 467)
('Dloss', -0.09923329725861549, 'MseLoss', (0.016164834052324294, 0.004644476156681776, 0.04985509030520916), ' epoch:', 468)
('Dloss', -0.09910594820976257, 'MseLoss', (0.010964938811957836, 0.004106199042871595, 0.049634852632880214), ' epoch:', 469)
('Dloss', -0.09934923499822616, 'MseLoss', (0.010805296152830124, 0.003910268098115921, 0.04992334693670273), ' epoch:', 470)
('Dloss', -0.09899221882224082, 'MseLoss', (0.012143005104735493, 0.004298356850631535, 0.04947577528655529), ' epoch:', 471)
('Dloss', -0.09916728436946869, 'MseLoss', (0.015087882336229087, 0.004751603631302714, 0.049526027590036395), ' epoch:', 472)
('Dloss', -0.09919589683413506, 'MseLoss', (0.01505817836150527, 0.0043097514193505045, 0.04964328408241272), ' epoch:', 473)
('Dloss', -0.09952502921223641, 'MseLoss', (0.014719804422929883, 0.0044432355556637045, 0.049898366630077365), ' epoch:', 474)
('Dloss', -0.09940649792551995, 'MseLoss', (0.00959174702875316, 0.003492976096458733, 0.0499112356454134), ' epoch:', 475)
('Dloss', -0.09864364117383957, 'MseLoss', (0.008800769690424204, 0.003281495999544859, 0.04910362027585506), ' epoch:', 476)
('Dloss', -0.09900269359350204, 'MseLoss', (0.008023163070902228, 0.0036229583667591212, 0.04943292960524559), ' epoch:', 477)
('Dloss', -0.09948877990245819, 'MseLoss', (0.008709243685007095, 0.0034916949924081566, 0.04991762302815914), ' epoch:', 478)
('Dloss', -0.09950544759631157, 'MseLoss', (0.008264163788408042, 0.002960737934336066, 0.04980282224714756), ' epoch:', 479)
('Dloss', -0.0993434138596058, 'MseLoss', (0.009520250908099114, 0.003436132613569498, 0.04989729821681976), ' epoch:', 480)
('Dloss', -0.09945467337965966, 'MseLoss', (0.009321553632616997, 0.0032855561701580884, 0.049855195358395575), ' epoch:', 481)
('Dloss', -0.09929097443819046, 'MseLoss', (0.00898934225551784, 0.0036461964482441545, 0.049853282421827315), ' epoch:', 482)
('Dloss', -0.09926606267690659, 'MseLoss', (0.009994574077427387, 0.003827030956745148, 0.0497071348130703), ' epoch:', 483)
('Dloss', -0.09952921494841575, 'MseLoss', (0.015129422303289175, 0.004851307370699942, 0.049939782917499544), ' epoch:', 484)
('Dloss', -0.09925099462270737, 'MseLoss', (0.015129953483119607, 0.004622682044282555, 0.049697866290807725), ' epoch:', 485)
('Dloss', -0.09938662350177765, 'MseLoss', (0.015028062090277673, 0.004614693741314113, 0.04992910325527191), ' epoch:', 486)
('Dloss', -0.09897547438740731, 'MseLoss', (0.01448553055524826, 0.004456021101213991, 0.049579276517033574), ' epoch:', 487)
('Dloss', -0.09928733184933662, 'MseLoss', (0.013930683117359876, 0.004326666053384542, 0.04973073713481426), ' epoch:', 488)
('Dloss', -0.0994630478322506, 'MseLoss', (0.014123495109379292, 0.004362296755425632, 0.04992196150124073), ' epoch:', 489)
('Dloss', -0.09940674528479576, 'MseLoss', (0.0147920205257833, 0.004556564055383206, 0.04982643462717533), ' epoch:', 490)
('Dloss', -0.09938944876194, 'MseLoss', (0.014839354157447814, 0.004639965668320656, 0.0498083770275116), ' epoch:', 491)
('Dloss', -0.0995247170329094, 'MseLoss', (0.01301908865571022, 0.0040643171640113, 0.049909622967243196), ' epoch:', 492)
('Dloss', -0.09934500455856324, 'MseLoss', (0.014085625391453504, 0.004279144550673663, 0.04970821887254715), ' epoch:', 493)
('Dloss', -0.09948276802897453, 'MseLoss', (0.00917666763998568, 0.0033359213266521692, 0.04989770837128162), ' epoch:', 494)
('Dloss', -0.09939924702048301, 'MseLoss', (0.008776824595406652, 0.0032940172823145986, 0.0498167309910059), ' epoch:', 495)
('Dloss', -0.09946843460202218, 'MseLoss', (0.008395071513950825, 0.0030439360300078986, 0.04993080645799637), ' epoch:', 496)
('Dloss', -0.09955770075321198, 'MseLoss', (0.008968059904873371, 0.0032160102971829476, 0.04987548366189003), ' epoch:', 497)
('Dloss', -0.09913332387804985, 'MseLoss', (0.00871712020598352, 0.0031494954600930214, 0.0495473712682724), ' epoch:', 498)
('Dloss', -0.09939774721860886, 'MseLoss', (0.00882799974642694, 0.0032972466433420777, 0.0498562328517437), ' epoch:', 499)
('Dloss', -0.09947642162442208, 'MseLoss', (0.01512928381562233, 0.004303904762491584, 0.04985363408923149), ' epoch:', 500)
('Dloss', -0.09909133166074753, 'MseLoss', (0.01593883829191327, 0.004818073264323175, 0.04956400245428085), ' epoch:', 501)
('Dloss', -0.099465611577034, 'MseLoss', (0.013928334042429925, 0.004352842061780393, 0.04992243871092796), ' epoch:', 502)
('Dloss', -0.09947102963924408, 'MseLoss', (0.011228241585195064, 0.003876584814861417, 0.0498448807746172), ' epoch:', 503)
('Dloss', -0.0992317408323288, 'MseLoss', (0.010689536063000559, 0.0036752572981640697, 0.04962347373366356), ' epoch:', 504)
('Dloss', -0.09937504157423974, 'MseLoss', (0.010584808234125376, 0.003505084104835987, 0.049879154190421104), ' epoch:', 505)
('Dloss', -0.09952547773718834, 'MseLoss', (0.00839103669859469, 0.003229259792715311, 0.04993860796093941), ' epoch:', 506)
('Dloss', -0.09925535470247268, 'MseLoss', (0.009816739382222295, 0.003264394425787032, 0.04957766495645046), ' epoch:', 507)
('Dloss', -0.09957873076200485, 'MseLoss', (0.009043054329231382, 0.003363332769367844, 0.04990030489861965), ' epoch:', 508)
('Dloss', -0.09952824860811234, 'MseLoss', (0.0078017436899244785, 0.0030316820833832026, 0.04989498481154442), ' epoch:', 509)
('Dloss', -0.09936570599675179, 'MseLoss', (0.007827147794887423, 0.002907670265994966, 0.049756746366620065), ' epoch:', 510)
('Dloss', -0.09958992302417755, 'MseLoss', (0.009018819639459252, 0.0029819660587236283, 0.04985604919493199), ' epoch:', 511)
('Dloss', -0.09913699477910995, 'MseLoss', (0.00876158350147307, 0.003185101319104433, 0.0496100552380085), ' epoch:', 512)
('Dloss', -0.09951199665665626, 'MseLoss', (0.009222358837723732, 0.003552596736699343, 0.04981773272156716), ' epoch:', 513)
('Dloss', -0.09927358701825142, 'MseLoss', (0.009210284147411586, 0.003145546140149236, 0.04970588088035584), ' epoch:', 514)
('Dloss', -0.0994568109512329, 'MseLoss', (0.009436826501041651, 0.0029735259711742403, 0.049928389862179755), ' epoch:', 515)
('Dloss', -0.09891419559717178, 'MseLoss', (0.008990074321627618, 0.003067955421283841, 0.0492551289498806), ' epoch:', 516)
('Dloss', -0.0979546807706356, 'MseLoss', (0.008018708415329456, 0.002928774687461555, 0.04837844967842102), ' epoch:', 517)
('Dloss', -0.09944444671273231, 'MseLoss', (0.009258018154650927, 0.0035853385459631683, 0.049915234372019765), ' epoch:', 518)
('Dloss', -0.09960115402936935, 'MseLoss', (0.011537384288385511, 0.0044946612091735, 0.049949589371681216), ' epoch:', 519)
('Dloss', -0.09939015209674835, 'MseLoss', (0.018384947162121534, 0.006090668239630758, 0.049760982021689416), ' epoch:', 520)
('Dloss', -0.09944731146097183, 'MseLoss', (0.016099892416968943, 0.004643416148610413, 0.049856098368763924), ' epoch:', 521)
('Dloss', -0.09947285354137421, 'MseLoss', (0.017697941046208143, 0.005569425853900611, 0.049916194006800654), ' epoch:', 522)
('Dloss', -0.09947792962193489, 'MseLoss', (0.009592111269012094, 0.0034036065451800825, 0.04995541982352734), ' epoch:', 523)
('Dloss', -0.09950855970382691, 'MseLoss', (0.008673489745706319, 0.0029216482886113226, 0.04992090947926044), ' epoch:', 524)
('Dloss', -0.09907703399658203, 'MseLoss', (0.0078109119087457655, 0.002911848248913884, 0.04953030236065388), ' epoch:', 525)
('Dloss', -0.09950133189558982, 'MseLoss', (0.008343756664544344, 0.002765753585845232, 0.04983624629676342), ' epoch:', 526)
('Dloss', -0.09955841153860093, 'MseLoss', (0.009326691599562764, 0.003251057560555637, 0.04995431900024414), ' epoch:', 527)
('Dloss', -0.09932383373379708, 'MseLoss', (0.009135558642446995, 0.003152845799922943, 0.04975297451019287), ' epoch:', 528)
('Dloss', -0.09961147084832192, 'MseLoss', (0.00893695866689086, 0.003049174847546965, 0.04989938288927078), ' epoch:', 529)
('Dloss', -0.09931982308626175, 'MseLoss', (0.00878372392617166, 0.0029853131622076035, 0.04971128255128861), ' epoch:', 530)
('Dloss', -0.09902919679880143, 'MseLoss', (0.008594959788024426, 0.0028344301390461624, 0.04946318417787552), ' epoch:', 531)
('Dloss', -0.09955827221274376, 'MseLoss', (0.008714864682406186, 0.0031736105447635055, 0.04990388676524162), ' epoch:', 532)
('Dloss', -0.09867425858974457, 'MseLoss', (0.010364416800439358, 0.003368962719105184, 0.04898819774389267), ' epoch:', 533)
('Dloss', -0.09959795475006103, 'MseLoss', (0.018751905113458634, 0.0054961031069979075, 0.04987921081483364), ' epoch:', 534)
('Dloss', -0.09938793927431107, 'MseLoss', (0.01715623205527663, 0.0051033592550084, 0.049704788252711296), ' epoch:', 535)
('Dloss', -0.09956876412034035, 'MseLoss', (0.016396200098097325, 0.005186783173121512, 0.04990741237998009), ' epoch:', 536)
('Dloss', -0.09950716868042946, 'MseLoss', (0.010098774079233408, 0.0034360247664153576, 0.04985110685229301), ' epoch:', 537)
('Dloss', -0.09947525337338448, 'MseLoss', (0.015307340491563081, 0.0044396849349141124, 0.049911773577332494), ' epoch:', 538)
('Dloss', -0.09924206510186195, 'MseLoss', (0.015203437488526105, 0.004570724163204432, 0.049642251804471016), ' epoch:', 539)
('Dloss', -0.09956055581569671, 'MseLoss', (0.01274781539104879, 0.0042088246438652275, 0.04995475709438324), ' epoch:', 540)
('Dloss', -0.09953671768307686, 'MseLoss', (0.009296136070042848, 0.0033286210615187883, 0.04982482045888901), ' epoch:', 541)
('Dloss', -0.09968915656208992, 'MseLoss', (0.014833784569054842, 0.004345353902317583, 0.049964895099401475), ' epoch:', 542)
('Dloss', -0.09949254468083382, 'MseLoss', (0.010110862739384174, 0.003385909367352724, 0.049832691252231595), ' epoch:', 543)
('Dloss', -0.0996035985648632, 'MseLoss', (0.007018042076379061, 0.002620077761821449, 0.049857321009039876), ' epoch:', 544)
('Dloss', -0.09925082251429558, 'MseLoss', (0.016131979040801527, 0.004765278683044017, 0.04952392466366291), ' epoch:', 545)
('Dloss', -0.0992548331618309, 'MseLoss', (0.024282652977854015, 0.006714227423071861, 0.04972973950207234), ' epoch:', 546)
('Dloss', -0.09952268600463868, 'MseLoss', (0.016668237652629612, 0.004834216926246882, 0.04990214370191097), ' epoch:', 547)
('Dloss', -0.09950842782855034, 'MseLoss', (0.013775697303935885, 0.004142534988932312, 0.049874547123909), ' epoch:', 548)
('Dloss', -0.0994143582880497, 'MseLoss', (0.013332571601495147, 0.003991660941392183, 0.0497693695127964), ' epoch:', 549)
('Dloss', -0.09914533272385598, 'MseLoss', (0.009784696158021688, 0.003239043289795518, 0.049511606246232985), ' epoch:', 550)
('Dloss', -0.09942265897989273, 'MseLoss', (0.012469064677134156, 0.00411021439358592, 0.049789619818329814), ' epoch:', 551)
('Dloss', -0.09954902082681656, 'MseLoss', (0.00907908882945776, 0.00314383483491838, 0.049962394684553144), ' epoch:', 552)
('Dloss', -0.09939396381378174, 'MseLoss', (0.008117218082770706, 0.0026931003201752903, 0.049684461951255796), ' epoch:', 553)
('Dloss', -0.09949501380324363, 'MseLoss', (0.009231263352558017, 0.0029459647601470353, 0.04988320916891098), ' epoch:', 554)
('Dloss', -0.09945273697376251, 'MseLoss', (0.007285289838910103, 0.002951301238499582, 0.04982881061732769), ' epoch:', 555)
('Dloss', -0.09956061542034149, 'MseLoss', (0.009219649760052562, 0.0031273582018911837, 0.049889756739139555), ' epoch:', 556)
('Dloss', -0.0995352141559124, 'MseLoss', (0.011886321660131215, 0.0034914226969704034, 0.04987957216799259), ' epoch:', 557)
('Dloss', -0.09942628219723701, 'MseLoss', (0.013859015703201295, 0.004402660438790918, 0.04973875992000103), ' epoch:', 558)
('Dloss', -0.09918360859155655, 'MseLoss', (0.011246476601809264, 0.0032910172594711185, 0.049456923827528955), ' epoch:', 559)
('Dloss', -0.0995438575744629, 'MseLoss', (0.008501346688717604, 0.003266461775638163, 0.04988476969301701), ' epoch:', 560)
('Dloss', -0.09956257343292237, 'MseLoss', (0.007007052283734083, 0.002747503435239196, 0.0499310091137886), ' epoch:', 561)
('Dloss', -0.09861197844147682, 'MseLoss', (0.013530900049954653, 0.00407502285670489, 0.048900672048330304), ' epoch:', 562)
('Dloss', -0.09954894110560417, 'MseLoss', (0.013699244288727642, 0.004033034341409803, 0.04989377185702324), ' epoch:', 563)
('Dloss', -0.09961495846509934, 'MseLoss', (0.01307491734623909, 0.0041537013370543715, 0.04993782863020897), ' epoch:', 564)
('Dloss', -0.09913124889135361, 'MseLoss', (0.00999746574088931, 0.0034240893786773086, 0.04941028468310833), ' epoch:', 565)
('Dloss', -0.09960851967334747, 'MseLoss', (0.008289307588711381, 0.002883219753857702, 0.049873961880803105), ' epoch:', 566)
('Dloss', -0.09960537180304527, 'MseLoss', (0.010042968532070517, 0.003259335458278656, 0.049902315437793734), ' epoch:', 567)
('Dloss', -0.09967188388109208, 'MseLoss', (0.012366477958858013, 0.00370235494337976, 0.0499127134680748), ' epoch:', 568)
('Dloss', -0.09946985244750976, 'MseLoss', (0.009398356731981038, 0.0030934543581679465, 0.0498659398406744), ' epoch:', 569)
('Dloss', -0.09945659860968589, 'MseLoss', (0.009145691804587842, 0.0031147849978879092, 0.04978081844747066), ' epoch:', 570)
('Dloss', -0.09953242316842079, 'MseLoss', (0.008184655057266354, 0.002921232918743044, 0.049910636991262435), ' epoch:', 571)
('Dloss', -0.09748568683862686, 'MseLoss', (0.010795007180422544, 0.003132717730477452, 0.04777101501822471), ' epoch:', 572)
('Dloss', -0.09961581826210023, 'MseLoss', (0.016430720780044795, 0.004821107373572886, 0.049952344968914986), ' epoch:', 573)
('Dloss', -0.09951039329171181, 'MseLoss', (0.015657704789191484, 0.004476180532947183, 0.04994275011122227), ' epoch:', 574)
('Dloss', -0.09951035901904107, 'MseLoss', (0.011174932261928916, 0.003330678166821599, 0.04979576468467713), ' epoch:', 575)
('Dloss', -0.0993882030248642, 'MseLoss', (0.0074228311888873575, 0.002544559631496668, 0.049749592691659926), ' epoch:', 576)
('Dloss', -0.09948131963610649, 'MseLoss', (0.0089409071020782, 0.002858728915452957, 0.04976802505552769), ' epoch:', 577)
('Dloss', -0.0990741103887558, 'MseLoss', (0.011702967574819922, 0.0035124877118505537, 0.0494007047265768), ' epoch:', 578)
('Dloss', -0.09963877871632576, 'MseLoss', (0.012564503774046897, 0.004265059716999531, 0.049930740520358084), ' epoch:', 579)
('Dloss', -0.09921414628624917, 'MseLoss', (0.007721332460641861, 0.0033309973776340486, 0.04950169399380684), ' epoch:', 580)
('Dloss', -0.09944709837436676, 'MseLoss', (0.008106234064325691, 0.003026716923341155, 0.049748560041189195), ' epoch:', 581)
('Dloss', -0.09940619617700577, 'MseLoss', (0.013642449956387281, 0.0040142857003957035, 0.049755201861262324), ' epoch:', 582)
('Dloss', -0.09968726262450218, 'MseLoss', (0.013559378404170274, 0.004048252454958856, 0.049975577369332315), ' epoch:', 583)
('Dloss', -0.09962198287248611, 'MseLoss', (0.012016045674681664, 0.003477634093724191, 0.04995968118309975), ' epoch:', 584)
('Dloss', -0.09949296191334725, 'MseLoss', (0.015556189976632596, 0.004656639089807868, 0.04985779970884323), ' epoch:', 585)
('Dloss', -0.09962963536381722, 'MseLoss', (0.015406336775049568, 0.004361976566724479, 0.04992634057998657), ' epoch:', 586)
('Dloss', -0.09951602965593338, 'MseLoss', (0.011571810487657786, 0.003690862166695297, 0.049931328371167184), ' epoch:', 587)
('Dloss', -0.09963556230068207, 'MseLoss', (0.0123298448510468, 0.00368690537288785, 0.04988906905055046), ' epoch:', 588)
('Dloss', -0.09939140900969505, 'MseLoss', (0.012334502767771482, 0.0036396655719727277, 0.0497006468474865), ' epoch:', 589)
('Dloss', -0.09966632351279259, 'MseLoss', (0.013048299588263035, 0.003958113095723093, 0.04995555579662323), ' epoch:', 590)
('Dloss', -0.09921258538961411, 'MseLoss', (0.009574055345728994, 0.002885676780715585, 0.049574531614780426), ' epoch:', 591)
('Dloss', -0.09929525330662728, 'MseLoss', (0.008673779526725411, 0.00286480929935351, 0.049781116843223575), ' epoch:', 592)
('Dloss', -0.09949072673916817, 'MseLoss', (0.008357419399544597, 0.0028191535151563586, 0.049874809384346006), ' epoch:', 593)
('Dloss', -0.09971124157309533, 'MseLoss', (0.006662480556406081, 0.0027918290346860886, 0.0499579980969429), ' epoch:', 594)
('Dloss', -0.09964678213000297, 'MseLoss', (0.006862357817590236, 0.0029515148838981987, 0.04994274154305458), ' epoch:', 595)
('Dloss', -0.09962077140808105, 'MseLoss', (0.011865442572161555, 0.003799274831544608, 0.04987375028431416), ' epoch:', 596)
('Dloss', -0.09962136819958686, 'MseLoss', (0.009562759287655353, 0.0030457107932306826, 0.049868300929665564), ' epoch:', 597)
('Dloss', -0.0996761940419674, 'MseLoss', (0.008375562261790037, 0.0028895518044009805, 0.04989461936056614), ' epoch:', 598)
('Dloss', -0.09951809048652649, 'MseLoss', (0.013700483273714781, 0.004527623998001218, 0.049788447469472884), ' epoch:', 599)
